0 info it worked if it ends with ok
1 verbose cli [ 'C:\\Program Files\\nodejs\\node.exe',
1 verbose cli   'C:\\Program Files\\nodejs\\node_modules\\npm\\bin\\npm-cli.js',
1 verbose cli   'run',
1 verbose cli   'start' ]
2 info using npm@3.10.9
3 info using node@v7.1.0
4 verbose run-script [ 'prestart', 'start', 'poststart' ]
5 info lifecycle 8.socket.io@1.0.0~prestart: 8.socket.io@1.0.0
6 silly lifecycle 8.socket.io@1.0.0~prestart: no script for prestart, continuing
7 info lifecycle 8.socket.io@1.0.0~start: 8.socket.io@1.0.0
8 verbose lifecycle 8.socket.io@1.0.0~start: unsafe-perm in lifecycle true
9 verbose lifecycle 8.socket.io@1.0.0~start: PATH: C:\Program Files\nodejs\node_modules\npm\bin\node-gyp-bin;E:\Course\www_react\8.socket.io\node_modules\.bin;C:\windows\system32;C:\windows;C:\windows\System32\Wbem;C:\windows\System32\WindowsPowerShell\v1.0\;D:\Program Files\Git\cmd;D:\Program Files\Git\mingw64\bin;D:\Program Files\Git\usr\bin;C:\Program Files\Lenovo\Bluetooth Software\;C:\Program Files\Lenovo\Bluetooth Software\syswow64;C:\Program Files\nodejs\;C:\Users\Administrator\AppData\Roaming\npm
10 verbose lifecycle 8.socket.io@1.0.0~start: CWD: E:\Course\www_react\8.socket.io
11 silly lifecycle 8.socket.io@1.0.0~start: Args: [ '/d /s /c', 'node server.js' ]
12 silly lifecycle 8.socket.io@1.0.0~start: Returned: code: 3221225786  signal: null
13 info lifecycle 8.socket.io@1.0.0~start: Failed to exec start script
14 verbose stack Error: 8.socket.io@1.0.0 start: `node server.js`
14 verbose stack Exit status 3221225786
14 verbose stack     at EventEmitter.<anonymous> (C:\Program Files\nodejs\node_modules\npm\lib\utils\lifecycle.js:255:16)
14 verbose stack     at emitTwo (events.js:106:13)
14 verbose stack     at EventEmitter.emit (events.js:191:7)
14 verbose stack     at ChildProcess.<anonymous> (C:\Program Files\nodejs\node_modules\npm\lib\utils\spawn.js:40:14)
14 verbose stack     at emitTwo (events.js:106:13)
14 verbose stack     at ChildProcess.emit (events.js:191:7)
14 verbose stack     at maybeClose (internal/child_process.js:885:16)
14 verbose stack     at Process.ChildProcess._handle.onexit (internal/child_process.js:226:5)
15 verbose pkgid 8.socket.io@1.0.0
16 verbose cwd E:\Course\www_react\8.socket.io
17 error Windows_NT 6.1.7601
18 error argv "C:\\Program Files\\nodejs\\node.exe" "C:\\Program Files\\nodejs\\node_modules\\npm\\bin\\npm-cli.js" "run" "start"
19 error node v7.1.0
20 error npm  v3.10.9
21 error code ELIFECYCLE
22 error 8.socket.io@1.0.0 start: `node server.js`
22 error Exit status 3221225786
23 error Failed at the 8.socket.io@1.0.0 start script 'node server.js'.
23 error Make sure you have the latest version of node.js and npm installed.
23 error If you do, this is most likely a problem with the 8.socket.io package,
23 error not with npm itself.
23 error Tell the author that this fails on your system:
23 error     node server.js
23 error You can get information on how to open an issue for this project with:
23 error     npm bugs 8.socket.io
23 error Or if that isn't available, you can get their info via:
23 error     npm owner ls 8.socket.io
23 error There is likely additional logging output above.
24 verbose exit [ 1, true ]
